
> api@1.0.0 dev
> nodemon src/index.js

[33m[nodemon] 3.1.14[39m
[33m[nodemon] to restart at any time, enter `rs`[39m
[33m[nodemon] watching path(s): *.*[39m
[33m[nodemon] watching extensions: js,mjs,cjs,json[39m
[32m[nodemon] starting `node src/index.js`[39m
[cron] Auction closer started — checking every minute
[cron] Purge job scheduled — checking daily at midnight
API running on http://localhost:3001
[32m[nodemon] restarting due to changes...[39m
[32m[nodemon] restarting due to changes...[39m
[32m[nodemon] starting `node src/index.js`[39m
[cron] Auction closer started — checking every minute
[cron] Purge job scheduled — checking daily at midnight
API running on http://localhost:3001
[32m[nodemon] restarting due to changes...[39m
[32m[nodemon] starting `node src/index.js`[39m
[cron] Auction closer started — checking every minute
[cron] Purge job scheduled — checking daily at midnight
API running on http://localhost:3001
[cron] Closed auction: Goddess Durga — Hand-Carved Basalt (7b27fbaf-54e5-445c-8853-5d7dc5dc10f1)

================== [EMAIL SIMULATION] ==================
To:      bidder3@goldenhammer.com
Subject: 🏆 Congratulations! You won: Goddess Durga — Hand-Carved Basalt
Body:

              <div style="font-family: sans-serif; max-width: 600px; margin: auto; padding: 20px; border: 1px solid #e5e7eb; border-radius: 8px;">
                <h2 style="color: #166534; margin-top: 0;">You Won the Auction!</h2>
                <p>Hello <strong>Priya Nair</strong>,</p>
                <p>Congratulations! You are the highest bidder for <strong>Goddess Durga — Hand-Carved Basalt</strong>.</p>
                <div style="background-color: #f0fdf4; padding: 15px; border-radius: 6px; margin: 20px 0; border: 1px solid #dcfce7;">
                  <p style="margin: 0; color: #166534; font-size: 1.1rem;">Your Winning Bid: <strong style="font-size: 1.3rem; color: #14532d;">$13733</strong></p>
                </div>
                <p>Please log in to confirm your purchase, check your invoice summary, and settle the payment.</p>
                <div style="text-align: center; margin: 30px 0;">
                  <a href="http://localhost:5173/product/7b27fbaf-54e5-445c-8853-5d7dc5dc10f1" 
                     style="background-color: #d4af37; color: white; padding: 12px 24px; text-decoration: none; border-radius: 6px; font-weight: bold; display: inline-block;">
                    Settle Payment &rarr;
                  </a>
                </div>
                <p style="color: #6b7280; font-size: 0.85rem; border-top: 1px solid #e5e7eb; padding-top: 15px; margin-top: 25px;">Golden Hammer Auctions. Thank you for your business!</p>
              </div>
            
========================================================


================== [EMAIL SIMULATION] ==================
To:      demo@goldenhammer.com
Subject: 💰 Your item has sold: Goddess Durga — Hand-Carved Basalt
Body:

              <div style="font-family: sans-serif; max-width: 600px; margin: auto; padding: 20px; border: 1px solid #e5e7eb; border-radius: 8px;">
                <h2 style="color: #1e3a8a; margin-top: 0;">Item Sold!</h2>
                <p>Hello <strong>Yogesh Kamisetty</strong>,</p>
                <p>Your listing <strong>Goddess Durga — Hand-Carved Basalt</strong> has closed with a winning bid.</p>
                <div style="background-color: #eff6ff; padding: 15px; border-radius: 6px; margin: 20px 0; border: 1px solid #dbeafe;">
                  <p style="margin: 0; color: #1e40af; font-size: 1.1rem;">Final Hammer Price: <strong style="font-size: 1.3rem; color: #1e3a8a;">$13733</strong></p>
                </div>
                <p>We have notified the buyer to settle their payment. Once completed, your funds will be released (less platform fees).</p>
                <p style="color: #6b7280; font-size: 0.85rem; border-top: 1px solid #e5e7eb; padding-top: 15px; margin-top: 25px;">Golden Hammer Auctions. Sell with confidence.</p>
              </div>
            
========================================================

[32m[nodemon] restarting due to changes...[39m
[32m[nodemon] starting `node src/index.js`[39m
[cron] Auction closer started — checking every minute
[cron] Purge job scheduled — checking daily at midnight
API running on http://localhost:3001
[32m[nodemon] restarting due to changes...[39m
[32m[nodemon] starting `node src/index.js`[39m
[cron] Auction closer started — checking every minute
[cron] Purge job scheduled — checking daily at midnight
API running on http://localhost:3001
